Determining if the include file coroutine exists failed with the following output:
Change Dir: /home/ar/projects/rvs/build/CMakeFiles/CMakeTmp

Run Build Command(s):/usr/bin/gmake cmTC_63198/fast && /usr/bin/gmake  -f CMakeFiles/cmTC_63198.dir/build.make CMakeFiles/cmTC_63198.dir/build
gmake[1]: Entering directory '/home/ar/projects/rvs/build/CMakeFiles/CMakeTmp'
Building CXX object CMakeFiles/cmTC_63198.dir/CheckIncludeFile.cxx.o
/usr/bin/c++    -o CMakeFiles/cmTC_63198.dir/CheckIncludeFile.cxx.o -c /home/ar/projects/rvs/build/CMakeFiles/CMakeTmp/CheckIncludeFile.cxx
In file included from /home/ar/projects/rvs/build/CMakeFiles/CMakeTmp/CheckIncludeFile.cxx:1:
/usr/include/c++/10/coroutine:295:2: error: #error "the coroutine header requires -fcoroutines"
  295 | #error "the coroutine header requires -fcoroutines"
      |  ^~~~~
gmake[1]: *** [CMakeFiles/cmTC_63198.dir/build.make:85: CMakeFiles/cmTC_63198.dir/CheckIncludeFile.cxx.o] Error 1
gmake[1]: Leaving directory '/home/ar/projects/rvs/build/CMakeFiles/CMakeTmp'
gmake: *** [Makefile:140: cmTC_63198/fast] Error 2



Performing C++ SOURCE FILE Test CMAKE_HAVE_LIBC_PTHREAD failed with the following output:
Change Dir: /home/ar/projects/rvs/build/CMakeFiles/CMakeTmp

Run Build Command(s):/usr/bin/gmake cmTC_52593/fast && /usr/bin/gmake  -f CMakeFiles/cmTC_52593.dir/build.make CMakeFiles/cmTC_52593.dir/build
gmake[1]: Entering directory '/home/ar/projects/rvs/build/CMakeFiles/CMakeTmp'
Building CXX object CMakeFiles/cmTC_52593.dir/src.cxx.o
/usr/bin/c++   -DCMAKE_HAVE_LIBC_PTHREAD -o CMakeFiles/cmTC_52593.dir/src.cxx.o -c /home/ar/projects/rvs/build/CMakeFiles/CMakeTmp/src.cxx
Linking CXX executable cmTC_52593
/usr/bin/cmake -E cmake_link_script CMakeFiles/cmTC_52593.dir/link.txt --verbose=1
/usr/bin/c++  -DCMAKE_HAVE_LIBC_PTHREAD CMakeFiles/cmTC_52593.dir/src.cxx.o -o cmTC_52593 
/usr/bin/ld: CMakeFiles/cmTC_52593.dir/src.cxx.o: in function `main':
src.cxx:(.text+0x2f): undefined reference to `pthread_create'
/usr/bin/ld: src.cxx:(.text+0x3b): undefined reference to `pthread_detach'
/usr/bin/ld: src.cxx:(.text+0x47): undefined reference to `pthread_cancel'
/usr/bin/ld: src.cxx:(.text+0x58): undefined reference to `pthread_join'
collect2: error: ld returned 1 exit status
gmake[1]: *** [CMakeFiles/cmTC_52593.dir/build.make:106: cmTC_52593] Error 1
gmake[1]: Leaving directory '/home/ar/projects/rvs/build/CMakeFiles/CMakeTmp'
gmake: *** [Makefile:140: cmTC_52593/fast] Error 2


Source file was:
#include <pthread.h>

void* test_func(void* data)
{
  return data;
}

int main(void)
{
  pthread_t thread;
  pthread_create(&thread, NULL, test_func, NULL);
  pthread_detach(thread);
  pthread_cancel(thread);
  pthread_join(thread, NULL);
  pthread_atfork(NULL, NULL, NULL);
  pthread_exit(NULL);

  return 0;
}

Determining if the function pthread_create exists in the pthreads failed with the following output:
Change Dir: /home/ar/projects/rvs/build/CMakeFiles/CMakeTmp

Run Build Command(s):/usr/bin/gmake cmTC_fb2cd/fast && /usr/bin/gmake  -f CMakeFiles/cmTC_fb2cd.dir/build.make CMakeFiles/cmTC_fb2cd.dir/build
gmake[1]: Entering directory '/home/ar/projects/rvs/build/CMakeFiles/CMakeTmp'
Building CXX object CMakeFiles/cmTC_fb2cd.dir/CheckFunctionExists.cxx.o
/usr/bin/c++   -DCHECK_FUNCTION_EXISTS=pthread_create -o CMakeFiles/cmTC_fb2cd.dir/CheckFunctionExists.cxx.o -c /home/ar/projects/rvs/build/CMakeFiles/CheckLibraryExists/CheckFunctionExists.cxx
Linking CXX executable cmTC_fb2cd
/usr/bin/cmake -E cmake_link_script CMakeFiles/cmTC_fb2cd.dir/link.txt --verbose=1
/usr/bin/c++  -DCHECK_FUNCTION_EXISTS=pthread_create CMakeFiles/cmTC_fb2cd.dir/CheckFunctionExists.cxx.o -o cmTC_fb2cd  -lpthreads 
/usr/bin/ld: cannot find -lpthreads
collect2: error: ld returned 1 exit status
gmake[1]: *** [CMakeFiles/cmTC_fb2cd.dir/build.make:106: cmTC_fb2cd] Error 1
gmake[1]: Leaving directory '/home/ar/projects/rvs/build/CMakeFiles/CMakeTmp'
gmake: *** [Makefile:140: cmTC_fb2cd/fast] Error 2



